生成启动时间为 2013/12/12 22:56:12。
     1>项目“F:\program\中文目录\PassManager\PassManager.vcxproj”在节点 2 上(build 个目标)。
     1>InitializeBuildStatus:
         正在创建“Debug\PassManager.unsuccessfulbuild”，因为已指定“AlwaysCreate”。
       ClCompile:
         所有输出均为最新。
         D:\Program Files (x86)\Microsoft Visual Studio 10.0\VC\bin\CL.exe /c /ZI /nologo /W3 /WX- /Od /Oy- /D WIN32 /D _WINDOWS /D _DEBUG /D _MBCS /D _AFXDLL /Gm /EHsc /RTC1 /MDd /GS /fp:precise /Zc:wchar_t /Zc:forScope /Yu"StdAfx.h" /Fp"Debug\PassManager.pch" /Fo"Debug\\" /Fd"Debug\vc100.pdb" /Gd /TP /analyze- /errorReport:prompt AddPassDlg.cpp BakDlg.cpp ListBoxEx.cpp OptionDlg.cpp PassManager.cpp PassManagerDlg.cpp RepassDlg.cpp SearchDlg.cpp sqlite\dosql.cpp
         dosql.cpp
     1>f:\program\中文目录\passmanager\sqlite\dosql.cpp(117): warning C4996: 'strcat': This function or variable may be unsafe. Consider using strcat_s instead. To disable deprecation, use _CRT_SECURE_NO_WARNINGS. See online help for details.
                 d:\program files (x86)\microsoft visual studio 10.0\vc\include\string.h(110) : 参见“strcat”的声明
     1>f:\program\中文目录\passmanager\sqlite\dosql.cpp(121): warning C4996: 'sprintf': This function or variable may be unsafe. Consider using sprintf_s instead. To disable deprecation, use _CRT_SECURE_NO_WARNINGS. See online help for details.
                 d:\program files (x86)\microsoft visual studio 10.0\vc\include\stdio.h(371) : 参见“sprintf”的声明
     1>f:\program\中文目录\passmanager\sqlite\dosql.cpp(114): warning C4101: “stmt”: 未引用的局部变量
     1>f:\program\中文目录\passmanager\sqlite\dosql.cpp(170): warning C4996: 'strcpy': This function or variable may be unsafe. Consider using strcpy_s instead. To disable deprecation, use _CRT_SECURE_NO_WARNINGS. See online help for details.
                 d:\program files (x86)\microsoft visual studio 10.0\vc\include\string.h(105) : 参见“strcpy”的声明
     1>f:\program\中文目录\passmanager\sqlite\dosql.cpp(181): warning C4996: 'strcpy': This function or variable may be unsafe. Consider using strcpy_s instead. To disable deprecation, use _CRT_SECURE_NO_WARNINGS. See online help for details.
                 d:\program files (x86)\microsoft visual studio 10.0\vc\include\string.h(105) : 参见“strcpy”的声明
     1>f:\program\中文目录\passmanager\sqlite\dosql.cpp(214): warning C4996: 'sprintf': This function or variable may be unsafe. Consider using sprintf_s instead. To disable deprecation, use _CRT_SECURE_NO_WARNINGS. See online help for details.
                 d:\program files (x86)\microsoft visual studio 10.0\vc\include\stdio.h(371) : 参见“sprintf”的声明
     1>f:\program\中文目录\passmanager\sqlite\dosql.cpp(418): warning C4996: 'strcat': This function or variable may be unsafe. Consider using strcat_s instead. To disable deprecation, use _CRT_SECURE_NO_WARNINGS. See online help for details.
                 d:\program files (x86)\microsoft visual studio 10.0\vc\include\string.h(110) : 参见“strcat”的声明
     1>f:\program\中文目录\passmanager\sqlite\dosql.cpp(419): warning C4996: 'strcat': This function or variable may be unsafe. Consider using strcat_s instead. To disable deprecation, use _CRT_SECURE_NO_WARNINGS. See online help for details.
                 d:\program files (x86)\microsoft visual studio 10.0\vc\include\string.h(110) : 参见“strcat”的声明
     1>f:\program\中文目录\passmanager\sqlite\dosql.cpp(595): warning C4996: 'fopen': This function or variable may be unsafe. Consider using fopen_s instead. To disable deprecation, use _CRT_SECURE_NO_WARNINGS. See online help for details.
                 d:\program files (x86)\microsoft visual studio 10.0\vc\include\stdio.h(234) : 参见“fopen”的声明
     1>f:\program\中文目录\passmanager\sqlite\dosql.cpp(637): warning C4244: “参数”: 从“time_t”转换到“unsigned int”，可能丢失数据
     1>f:\program\中文目录\passmanager\sqlite\dosql.cpp(662): warning C4996: 'fopen': This function or variable may be unsafe. Consider using fopen_s instead. To disable deprecation, use _CRT_SECURE_NO_WARNINGS. See online help for details.
                 d:\program files (x86)\microsoft visual studio 10.0\vc\include\stdio.h(234) : 参见“fopen”的声明
         正在生成代码...
         正在跳过...(未检测到相关更改)
         SearchDlg.cpp
         RepassDlg.cpp
         PassManagerDlg.cpp
         PassManager.cpp
         OptionDlg.cpp
         ListBoxEx.cpp
         BakDlg.cpp
         AddPassDlg.cpp
       ResourceCompile:
         所有输出均为最新。
       ManifestResourceCompile:
         所有输出均为最新。
       Link:
         D:\Program Files (x86)\Microsoft Visual Studio 10.0\VC\bin\link.exe /ERRORREPORT:PROMPT /OUT:"F:\program\中文目录\Debug\PassManager.exe" /INCREMENTAL /NOLOGO /MANIFEST /ManifestFile:"Debug\PassManager.exe.intermediate.manifest" /MANIFESTUAC:"level='asInvoker' uiAccess='false'" /DEBUG /PDB:"F:\program\中文目录\Debug\PassManager.pdb" /SUBSYSTEM:WINDOWS /TLBID:1 /DYNAMICBASE /NXCOMPAT /IMPLIB:"F:\program\中文目录\Debug\PassManager.lib" /MACHINE:X86 Debug\PassManager.res
         Debug\PassManager.exe.embed.manifest.res
         Debug\AddPassDlg.obj
         Debug\BakDlg.obj
         Debug\tea.obj
         Debug\util.obj
         Debug\FastKeyDlg.obj
         Debug\FileDialogEx.obj
         Debug\InputPassDlg.obj
         Debug\ListBoxEx.obj
         Debug\OptionDlg.obj
         Debug\PassManager.obj
         Debug\PassManagerDlg.obj
         Debug\RepassDlg.obj
         Debug\SearchDlg.obj
         Debug\dosql.obj
         Debug\stdafx.obj
         SkinMagic\SkinMagic.lib
         sqlite\sqlite3.lib
       Manifest:
         C:\Program Files (x86)\Microsoft SDKs\Windows\v7.0A\bin\mt.exe /nologo /verbose /out:"Debug\PassManager.exe.embed.manifest" /manifest Debug\PassManager.exe.intermediate.manifest "D:\Program Files (x86)\Microsoft Visual Studio 10.0\VC\Include\Manifest\dpiaware.manifest"
         所有输出均为最新。
       LinkEmbedManifest:
         所有输出均为最新。
         PassManager.vcxproj -> F:\program\中文目录\Debug\PassManager.exe
       FinalizeBuildStatus:
         正在删除文件“Debug\PassManager.unsuccessfulbuild”。
         正在对“Debug\PassManager.lastbuildstate”执行 Touch 任务。
     1>已完成生成项目“F:\program\中文目录\PassManager\PassManager.vcxproj”(build 个目标)的操作。

生成成功。

已用时间 00:00:01.92
