F:\PROGRAM\PASSMANAGER\DEBUG\PASSMANAGER.EXE
F:\PROGRAM\PASSMANAGER\DEBUG\PASSMANAGER.ILK
F:\PROGRAM\PASSMANAGER\DEBUG\PASSMANAGER.PDB
F:\PROGRAM\PASSMANAGER\PASSMANAGER\DEBUG\ADDPASSDLG.OBJ
F:\PROGRAM\PASSMANAGER\PASSMANAGER\DEBUG\BAKDLG.OBJ
F:\PROGRAM\PASSMANAGER\PASSMANAGER\DEBUG\DOSQL.OBJ
F:\PROGRAM\PASSMANAGER\PASSMANAGER\DEBUG\FASTKEYDLG.OBJ
F:\PROGRAM\PASSMANAGER\PASSMANAGER\DEBUG\FILEDIALOGEX.OBJ
F:\PROGRAM\PASSMANAGER\PASSMANAGER\DEBUG\INPUTPASSDLG.OBJ
F:\PROGRAM\PASSMANAGER\PASSMANAGER\DEBUG\LISTBOXEX.OBJ
F:\PROGRAM\PASSMANAGER\PASSMANAGER\DEBUG\OPTIONDLG.OBJ
F:\PROGRAM\PASSMANAGER\PASSMANAGER\DEBUG\PASSMANAGER.EXE.EMBED.MANIFEST.RES
F:\PROGRAM\PASSMANAGER\PASSMANAGER\DEBUG\PASSMANAGER.EXE.INTERMEDIATE.MANIFEST
F:\PROGRAM\PASSMANAGER\PASSMANAGER\DEBUG\PASSMANAGER.OBJ
F:\PROGRAM\PASSMANAGER\PASSMANAGER\DEBUG\PASSMANAGER.PCH
F:\PROGRAM\PASSMANAGER\PASSMANAGER\DEBUG\PASSMANAGER.RES
F:\PROGRAM\PASSMANAGER\PASSMANAGER\DEBUG\PASSMANAGERDLG.OBJ
F:\PROGRAM\PASSMANAGER\PASSMANAGER\DEBUG\REPASSDLG.OBJ
F:\PROGRAM\PASSMANAGER\PASSMANAGER\DEBUG\SEARCHDLG.OBJ
F:\PROGRAM\PASSMANAGER\PASSMANAGER\DEBUG\STDAFX.OBJ
F:\PROGRAM\PASSMANAGER\PASSMANAGER\DEBUG\TEA.OBJ
F:\PROGRAM\PASSMANAGER\PASSMANAGER\DEBUG\UTIL.OBJ
F:\PROGRAM\PASSMANAGER\PASSMANAGER\DEBUG\VC100.PDB
F:\PROGRAM\中文目录\DEBUG\PASSMANAGER.EXE
F:\PROGRAM\中文目录\DEBUG\PASSMANAGER.ILK
F:\PROGRAM\中文目录\DEBUG\PASSMANAGER.PDB
F:\PROGRAM\中文目录\PASSMANAGER\DEBUG\ADDPASSDLG.OBJ
F:\PROGRAM\中文目录\PASSMANAGER\DEBUG\BAKDLG.OBJ
F:\program\中文目录\PassManager\Debug\cl.command.1.tlog
F:\program\中文目录\PassManager\Debug\CL.read.1.tlog
F:\program\中文目录\PassManager\Debug\CL.write.1.tlog
F:\PROGRAM\中文目录\PASSMANAGER\DEBUG\DOSQL.OBJ
F:\PROGRAM\中文目录\PASSMANAGER\DEBUG\FASTKEYDLG.OBJ
F:\PROGRAM\中文目录\PASSMANAGER\DEBUG\FILEDIALOGEX.OBJ
F:\PROGRAM\中文目录\PASSMANAGER\DEBUG\INPUTPASSDLG.OBJ
F:\program\中文目录\PassManager\Debug\link.4728.read.1.tlog
F:\program\中文目录\PassManager\Debug\link.4728.write.1.tlog
F:\program\中文目录\PassManager\Debug\link.4728-cvtres.read.1.tlog
F:\program\中文目录\PassManager\Debug\link.4728-cvtres.write.1.tlog
F:\program\中文目录\PassManager\Debug\link.4768.read.1.tlog
F:\program\中文目录\PassManager\Debug\link.4768.write.1.tlog
F:\program\中文目录\PassManager\Debug\link.4768-cvtres.read.1.tlog
F:\program\中文目录\PassManager\Debug\link.4768-cvtres.write.1.tlog
F:\program\中文目录\PassManager\Debug\link.5212.read.1.tlog
F:\program\中文目录\PassManager\Debug\link.5212.write.1.tlog
F:\program\中文目录\PassManager\Debug\link.5212-cvtres.read.1.tlog
F:\program\中文目录\PassManager\Debug\link.5212-cvtres.write.1.tlog
F:\program\中文目录\PassManager\Debug\link.5224.read.1.tlog
F:\program\中文目录\PassManager\Debug\link.5224.write.1.tlog
F:\program\中文目录\PassManager\Debug\link.5224-cvtres.read.1.tlog
F:\program\中文目录\PassManager\Debug\link.5224-cvtres.write.1.tlog
F:\program\中文目录\PassManager\Debug\link.5712.read.1.tlog
F:\program\中文目录\PassManager\Debug\link.5712.write.1.tlog
F:\program\中文目录\PassManager\Debug\link.5712-cvtres.read.1.tlog
F:\program\中文目录\PassManager\Debug\link.5712-cvtres.write.1.tlog
F:\program\中文目录\PassManager\Debug\link.5756.read.1.tlog
F:\program\中文目录\PassManager\Debug\link.5756.write.1.tlog
F:\program\中文目录\PassManager\Debug\link.5756-cvtres.read.1.tlog
F:\program\中文目录\PassManager\Debug\link.5756-cvtres.write.1.tlog
F:\program\中文目录\PassManager\Debug\link.5996.read.1.tlog
F:\program\中文目录\PassManager\Debug\link.5996.write.1.tlog
F:\program\中文目录\PassManager\Debug\link.5996-cvtres.read.1.tlog
F:\program\中文目录\PassManager\Debug\link.5996-cvtres.write.1.tlog
F:\program\中文目录\PassManager\Debug\link.6084.read.1.tlog
F:\program\中文目录\PassManager\Debug\link.6084.write.1.tlog
F:\program\中文目录\PassManager\Debug\link.6084-cvtres.read.1.tlog
F:\program\中文目录\PassManager\Debug\link.6084-cvtres.write.1.tlog
F:\program\中文目录\PassManager\Debug\link.6360.read.1.tlog
F:\program\中文目录\PassManager\Debug\link.6360.write.1.tlog
F:\program\中文目录\PassManager\Debug\link.6360-cvtres.read.1.tlog
F:\program\中文目录\PassManager\Debug\link.6360-cvtres.write.1.tlog
F:\program\中文目录\PassManager\Debug\link.6396.read.1.tlog
F:\program\中文目录\PassManager\Debug\link.6396.write.1.tlog
F:\program\中文目录\PassManager\Debug\link.6396-cvtres.read.1.tlog
F:\program\中文目录\PassManager\Debug\link.6396-cvtres.write.1.tlog
F:\program\中文目录\PassManager\Debug\link.6640.read.1.tlog
F:\program\中文目录\PassManager\Debug\link.6640.write.1.tlog
F:\program\中文目录\PassManager\Debug\link.6640-cvtres.read.1.tlog
F:\program\中文目录\PassManager\Debug\link.6640-cvtres.write.1.tlog
F:\program\中文目录\PassManager\Debug\link.7032.read.1.tlog
F:\program\中文目录\PassManager\Debug\link.7032.write.1.tlog
F:\program\中文目录\PassManager\Debug\link.7032-cvtres.read.1.tlog
F:\program\中文目录\PassManager\Debug\link.7032-cvtres.write.1.tlog
F:\program\中文目录\PassManager\Debug\link.7228.read.1.tlog
F:\program\中文目录\PassManager\Debug\link.7228.write.1.tlog
F:\program\中文目录\PassManager\Debug\link.7228-cvtres.read.1.tlog
F:\program\中文目录\PassManager\Debug\link.7228-cvtres.write.1.tlog
F:\program\中文目录\PassManager\Debug\link.7312.read.1.tlog
F:\program\中文目录\PassManager\Debug\link.7312.write.1.tlog
F:\program\中文目录\PassManager\Debug\link.7312-cvtres.read.1.tlog
F:\program\中文目录\PassManager\Debug\link.7312-cvtres.write.1.tlog
F:\program\中文目录\PassManager\Debug\link.7496.read.1.tlog
F:\program\中文目录\PassManager\Debug\link.7496.write.1.tlog
F:\program\中文目录\PassManager\Debug\link.7496-cvtres.read.1.tlog
F:\program\中文目录\PassManager\Debug\link.7496-cvtres.write.1.tlog
F:\program\中文目录\PassManager\Debug\link.7692.read.1.tlog
F:\program\中文目录\PassManager\Debug\link.7692.write.1.tlog
F:\program\中文目录\PassManager\Debug\link.7692-cvtres.read.1.tlog
F:\program\中文目录\PassManager\Debug\link.7692-cvtres.write.1.tlog
F:\program\中文目录\PassManager\Debug\link.8080.read.1.tlog
F:\program\中文目录\PassManager\Debug\link.8080.write.1.tlog
F:\program\中文目录\PassManager\Debug\link.8080-cvtres.read.1.tlog
F:\program\中文目录\PassManager\Debug\link.8080-cvtres.write.1.tlog
F:\program\中文目录\PassManager\Debug\link.8900.read.1.tlog
F:\program\中文目录\PassManager\Debug\link.8900.write.1.tlog
F:\program\中文目录\PassManager\Debug\link.8900-cvtres.read.1.tlog
F:\program\中文目录\PassManager\Debug\link.8900-cvtres.write.1.tlog
F:\program\中文目录\PassManager\Debug\link.9132.read.1.tlog
F:\program\中文目录\PassManager\Debug\link.9132.write.1.tlog
F:\program\中文目录\PassManager\Debug\link.9132-cvtres.read.1.tlog
F:\program\中文目录\PassManager\Debug\link.9132-cvtres.write.1.tlog
F:\program\中文目录\PassManager\Debug\link.9676.read.1.tlog
F:\program\中文目录\PassManager\Debug\link.9676.write.1.tlog
F:\program\中文目录\PassManager\Debug\link.9676-cvtres.read.1.tlog
F:\program\中文目录\PassManager\Debug\link.9676-cvtres.write.1.tlog
F:\program\中文目录\PassManager\Debug\link.command.1.tlog
F:\program\中文目录\PassManager\Debug\link.read.1.tlog
F:\program\中文目录\PassManager\Debug\link.write.1.tlog
F:\program\中文目录\PassManager\Debug\link-cvtres.read.1.tlog
F:\program\中文目录\PassManager\Debug\link-cvtres.write.1.tlog
F:\PROGRAM\中文目录\PASSMANAGER\DEBUG\LISTBOXEX.OBJ
F:\program\中文目录\PassManager\Debug\mt.command.1.tlog
F:\program\中文目录\PassManager\Debug\mt.read.1.tlog
F:\program\中文目录\PassManager\Debug\mt.write.1.tlog
F:\PROGRAM\中文目录\PASSMANAGER\DEBUG\OPTIONDLG.OBJ
F:\program\中文目录\PassManager\Debug\PassManager.exe.embed.manifest
F:\PROGRAM\中文目录\PASSMANAGER\DEBUG\PASSMANAGER.EXE.EMBED.MANIFEST.RES
F:\PROGRAM\中文目录\PASSMANAGER\DEBUG\PASSMANAGER.EXE.INTERMEDIATE.MANIFEST
F:\PROGRAM\中文目录\PASSMANAGER\DEBUG\PASSMANAGER.OBJ
F:\PROGRAM\中文目录\PASSMANAGER\DEBUG\PASSMANAGER.PCH
F:\PROGRAM\中文目录\PASSMANAGER\DEBUG\PASSMANAGER.RES
F:\program\中文目录\PassManager\Debug\PassManager_manifest.rc
F:\PROGRAM\中文目录\PASSMANAGER\DEBUG\PASSMANAGERDLG.OBJ
F:\program\中文目录\PassManager\Debug\rc.command.1.tlog
F:\program\中文目录\PassManager\Debug\rc.read.1.tlog
F:\program\中文目录\PassManager\Debug\rc.write.1.tlog
F:\PROGRAM\中文目录\PASSMANAGER\DEBUG\REPASSDLG.OBJ
F:\PROGRAM\中文目录\PASSMANAGER\DEBUG\SEARCHDLG.OBJ
F:\PROGRAM\中文目录\PASSMANAGER\DEBUG\STDAFX.OBJ
F:\PROGRAM\中文目录\PASSMANAGER\DEBUG\TEA.OBJ
F:\PROGRAM\中文目录\PASSMANAGER\DEBUG\UTIL.OBJ
F:\program\中文目录\PassManager\Debug\vc100.idb
F:\PROGRAM\中文目录\PASSMANAGER\DEBUG\VC100.PDB
