生成启动时间为 2014/1/16 18:26:46。
     1>项目“F:\program\密码圣经\PassManager\PassManager.vcxproj”在节点 2 上(build 个目标)。
     1>InitializeBuildStatus:
         正在创建“Release\PassManager.unsuccessfulbuild”，因为已指定“AlwaysCreate”。
       ClCompile:
         所有输出均为最新。
         所有输出均为最新。
       ResourceCompile:
         所有输出均为最新。
       Link:
         所有输出均为最新。
         PassManager.vcxproj -> F:\program\密码圣经\Release\PasswordKeeper.exe
       Manifest:
         所有输出均为最新。
       FinalizeBuildStatus:
         正在删除文件“Release\PassManager.unsuccessfulbuild”。
         正在对“Release\PassManager.lastbuildstate”执行 Touch 任务。
     1>已完成生成项目“F:\program\密码圣经\PassManager\PassManager.vcxproj”(build 个目标)的操作。

生成成功。

已用时间 00:00:00.08
